# JRE version: OpenJDK Runtime Environment (21.0.8) (build 21.0.8+-14018985-b1038.68)
# Java VM: OpenJDK 64-Bit Server VM (21.0.8+-14018985-b1038.68, mixed mode, tiered, compressed oops, compressed class ptrs, g1 gc, windows-amd64)
GC Precious Log:
 CardTable entry size: 512
 Card Set container configuration: InlinePtr #cards 5 size 8 Array Of Cards #cards 12 size 40 Howl #buckets 4 coarsen threshold 1843 Howl Bitmap #cards 512 size 80 coarsen threshold 460 Card regions per heap region 1 cards per card region 2048
 CPUs: 12 total, 12 available
 Memory: 16095M
 Large Page Support: Disabled
 NUMA Support: Disabled
 Compressed Oops: Enabled (32-bit)
 Heap Region Size: 1M
 Heap Min Capacity: 8M
 Heap Initial Capacity: 252M
 Heap Max Capacity: 2G
 Pre-touch: Disabled
 Parallel Workers: 10
 Concurrent Workers: 3
 Concurrent Refinement Workers: 10
 Periodic GC: Disabled
Heap:
 garbage-first heap   total 268288K, used 200336K [0x0000000080000000, 0x0000000100000000)
  region size 1024K, 44 young (45056K), 3 survivors (3072K)
 Metaspace       used 129527K, committed 130752K, reserved 1179648K
  class space    used 17560K, committed 18176K, reserved 1048576K
GC Heap History (20 events):
Event: 21.044 GC heap before
{Heap before GC invocations=50 (full 0):
 garbage-first heap   total 221184K, used 197900K [0x0000000080000000, 0x0000000100000000)
  region size 1024K, 77 young (78848K), 7 survivors (7168K)
 Metaspace       used 118377K, committed 120640K, reserved 1179648K
  class space    used 16808K, committed 17920K, reserved 1048576K
}
Event: 21.050 GC heap after
{Heap after GC invocations=51 (full 0):
 garbage-first heap   total 221184K, used 131396K [0x0000000080000000, 0x0000000100000000)
  region size 1024K, 7 young (7168K), 7 survivors (7168K)
 Metaspace       used 118377K, committed 120640K, reserved 1179648K
  class space    used 16808K, committed 17920K, reserved 1048576K
}
Event: 21.860 GC heap before
{Heap before GC invocations=51 (full 0):
 garbage-first heap   total 221184K, used 198980K [0x0000000080000000, 0x0000000100000000)
  region size 1024K, 74 young (75776K), 7 survivors (7168K)
 Metaspace       used 118803K, committed 121088K, reserved 1179648K
  class space    used 16858K, committed 17984K, reserved 1048576K
}
Event: 21.867 GC heap after
{Heap after GC invocations=52 (full 0):
 garbage-first heap   total 221184K, used 132124K [0x0000000080000000, 0x0000000100000000)
  region size 1024K, 6 young (6144K), 6 survivors (6144K)
 Metaspace       used 118803K, committed 121088K, reserved 1179648K
  class space    used 16858K, committed 17984K, reserved 1048576K
}
Event: 22.284 GC heap before
{Heap before GC invocations=52 (full 0):
 garbage-first heap   total 221184K, used 200732K [0x0000000080000000, 0x0000000100000000)
  region size 1024K, 74 young (75776K), 6 survivors (6144K)
 Metaspace       used 118849K, committed 121152K, reserved 1179648K
  class space    used 16862K, committed 17984K, reserved 1048576K
}
Event: 22.290 GC heap after
{Heap after GC invocations=53 (full 0):
 garbage-first heap   total 221184K, used 135158K [0x0000000080000000, 0x0000000100000000)
  region size 1024K, 9 young (9216K), 9 survivors (9216K)
 Metaspace       used 118849K, committed 121152K, reserved 1179648K
  class space    used 16862K, committed 17984K, reserved 1048576K
}
Event: 22.898 GC heap before
{Heap before GC invocations=54 (full 0):
 garbage-first heap   total 227328K, used 197622K [0x0000000080000000, 0x0000000100000000)
  region size 1024K, 71 young (72704K), 9 survivors (9216K)
 Metaspace       used 119268K, committed 121536K, reserved 1179648K
  class space    used 16913K, committed 18048K, reserved 1048576K
}
Event: 22.904 GC heap after
{Heap after GC invocations=55 (full 0):
 garbage-first heap   total 227328K, used 137260K [0x0000000080000000, 0x0000000100000000)
  region size 1024K, 5 young (5120K), 5 survivors (5120K)
 Metaspace       used 119268K, committed 121536K, reserved 1179648K
  class space    used 16913K, committed 18048K, reserved 1048576K
}
Event: 2169.238 GC heap before
{Heap before GC invocations=55 (full 0):
 garbage-first heap   total 227328K, used 207916K [0x0000000080000000, 0x0000000100000000)
  region size 1024K, 75 young (76800K), 5 survivors (5120K)
 Metaspace       used 120354K, committed 122624K, reserved 1179648K
  class space    used 17046K, committed 18176K, reserved 1048576K
}
Event: 2169.404 GC heap after
{Heap after GC invocations=56 (full 0):
 garbage-first heap   total 227328K, used 136461K [0x0000000080000000, 0x0000000100000000)
  region size 1024K, 5 young (5120K), 5 survivors (5120K)
 Metaspace       used 120354K, committed 122624K, reserved 1179648K
  class space    used 17046K, committed 18176K, reserved 1048576K
}
Event: 2683.713 GC heap before
{Heap before GC invocations=56 (full 0):
 garbage-first heap   total 227328K, used 208141K [0x0000000080000000, 0x0000000100000000)
  region size 1024K, 76 young (77824K), 5 survivors (5120K)
 Metaspace       used 120676K, committed 122944K, reserved 1179648K
  class space    used 17050K, committed 18176K, reserved 1048576K
}
Event: 2683.760 GC heap after
{Heap after GC invocations=57 (full 0):
 garbage-first heap   total 227328K, used 141764K [0x0000000080000000, 0x0000000100000000)
  region size 1024K, 10 young (10240K), 10 survivors (10240K)
 Metaspace       used 120676K, committed 122944K, reserved 1179648K
  class space    used 17050K, committed 18176K, reserved 1048576K
}
Event: 2687.093 GC heap before
{Heap before GC invocations=58 (full 0):
 garbage-first heap   total 237568K, used 207300K [0x0000000080000000, 0x0000000100000000)
  region size 1024K, 70 young (71680K), 10 survivors (10240K)
 Metaspace       used 119639K, committed 123200K, reserved 1179648K
  class space    used 16484K, committed 18176K, reserved 1048576K
}
Event: 2687.121 GC heap after
{Heap after GC invocations=59 (full 0):
 garbage-first heap   total 237568K, used 150126K [0x0000000080000000, 0x0000000100000000)
  region size 1024K, 9 young (9216K), 9 survivors (9216K)
 Metaspace       used 119639K, committed 123200K, reserved 1179648K
  class space    used 16484K, committed 18176K, reserved 1048576K
}
Event: 2690.639 GC heap before
{Heap before GC invocations=59 (full 0):
 garbage-first heap   total 237568K, used 229998K [0x0000000080000000, 0x0000000100000000)
  region size 1024K, 71 young (72704K), 9 survivors (9216K)
 Metaspace       used 123216K, committed 125184K, reserved 1179648K
  class space    used 16877K, committed 18176K, reserved 1048576K
}
Event: 2690.661 GC heap after
{Heap after GC invocations=60 (full 0):
 garbage-first heap   total 251904K, used 146944K [0x0000000080000000, 0x0000000100000000)
  region size 1024K, 2 young (2048K), 2 survivors (2048K)
 Metaspace       used 123216K, committed 125184K, reserved 1179648K
  class space    used 16877K, committed 18176K, reserved 1048576K
}
Event: 2696.328 GC heap before
{Heap before GC invocations=60 (full 0):
 garbage-first heap   total 251904K, used 232960K [0x0000000080000000, 0x0000000100000000)
  region size 1024K, 87 young (89088K), 2 survivors (2048K)
 Metaspace       used 125907K, committed 127488K, reserved 1179648K
  class space    used 17211K, committed 18176K, reserved 1048576K
}
Event: 2696.339 GC heap after
{Heap after GC invocations=61 (full 0):
 garbage-first heap   total 251904K, used 155244K [0x0000000080000000, 0x0000000100000000)
  region size 1024K, 9 young (9216K), 9 survivors (9216K)
 Metaspace       used 125907K, committed 127488K, reserved 1179648K
  class space    used 17211K, committed 18176K, reserved 1048576K
}
Event: 2696.791 GC heap before
{Heap before GC invocations=61 (full 0):
 garbage-first heap   total 251904K, used 164460K [0x0000000080000000, 0x0000000100000000)
  region size 1024K, 20 young (20480K), 9 survivors (9216K)
 Metaspace       used 126794K, committed 128256K, reserved 1179648K
  class space    used 17303K, committed 18176K, reserved 1048576K
}
Event: 2696.804 GC heap after
{Heap after GC invocations=62 (full 0):
 garbage-first heap   total 251904K, used 158352K [0x0000000080000000, 0x0000000100000000)
  region size 1024K, 3 young (3072K), 3 survivors (3072K)
 Metaspace       used 126794K, committed 128256K, reserved 1179648K
  class space    used 17303K, committed 18176K, reserved 1048576K
}

